[debug] [2025-08-03T00:31:38.515Z] ----------------------------------------------------------------------
[debug] [2025-08-03T00:31:38.525Z] Command:       /nix/store/ws50yvm6vzlzf7jzz6n7xh4szddrack1-nodejs-20.19.1/bin/node /nix/store/fsdlxfaxdgx27856x49qycgdsyx5jxd3-firebase-tools-14.11.2/lib/node_modules/firebase-tools/lib/bin/firebase.js init hosting
[debug] [2025-08-03T00:31:38.530Z] CLI Version:   14.11.2
[debug] [2025-08-03T00:31:38.531Z] Platform:      linux
[debug] [2025-08-03T00:31:38.531Z] Node Version:  v20.19.1
[debug] [2025-08-03T00:31:38.531Z] Time:          Sun Aug 03 2025 00:31:38 GMT+0000 (Coordinated Universal Time)
[debug] [2025-08-03T00:31:38.532Z] ----------------------------------------------------------------------
[debug] 
[debug] [2025-08-03T00:31:38.561Z] > command requires scopes: ["email","openid","https://www.googleapis.com/auth/cloudplatformprojects.readonly","https://www.googleapis.com/auth/firebase","https://www.googleapis.com/auth/cloud-platform"]
[debug] [2025-08-03T00:31:38.564Z] > authorizing via signed-in user (yanikem@gmail.com)
[info] 
     ######## #### ########  ######## ########     ###     ######  ########
     ##        ##  ##     ## ##       ##     ##  ##   ##  ##       ##
     ######    ##  ########  ######   ########  #########  ######  ######
     ##        ##  ##    ##  ##       ##     ## ##     ##       ## ##
     ##       #### ##     ## ######## ########  ##     ##  ######  ########

You're about to initialize a Firebase project in this directory:

  /home/user/linkedbio

[info] 
=== Project Setup
[info] 
[info] First, let's associate this project directory with a Firebase project.
[info] You can create multiple project aliases by running firebase use --add, 
[info] but for now we'll just set up a default project.
[info] 
